{"D:\\DeveloperSpace\\string-calculator\\string-calculator\\src\\App.js": {"path":"D:\\DeveloperSpace\\string-calculator\\string-calculator\\src\\App.js","statementMap":{"0":{"start":{"line":5,"column":2},"end":{"line":10,"column":4}}},"fnMap":{"0":{"name":"App","decl":{"start":{"line":4,"column":9},"end":{"line":4,"column":12}},"loc":{"start":{"line":4,"column":15},"end":{"line":11,"column":1}},"line":4}},"branchMap":{},"s":{"0":0},"f":{"0":0},"b":{}}
,"D:\\DeveloperSpace\\string-calculator\\string-calculator\\src\\string-calculator.js": {"path":"D:\\DeveloperSpace\\string-calculator\\string-calculator\\src\\string-calculator.js","statementMap":{"0":{"start":{"line":1,"column":47},"end":{"line":1,"column":79}},"1":{"start":{"line":5,"column":4},"end":{"line":5,"column":30}},"2":{"start":{"line":7,"column":12},"end":{"line":38,"column":1}},"3":{"start":{"line":8,"column":2},"end":{"line":10,"column":3}},"4":{"start":{"line":9,"column":4},"end":{"line":9,"column":13}},"5":{"start":{"line":13,"column":38},"end":{"line":13,"column":73}},"6":{"start":{"line":16,"column":2},"end":{"line":18,"column":3}},"7":{"start":{"line":17,"column":4},"end":{"line":17,"column":24}},"8":{"start":{"line":20,"column":21},"end":{"line":20,"column":50}},"9":{"start":{"line":23,"column":23},"end":{"line":25,"column":41}},"10":{"start":{"line":24,"column":22},"end":{"line":24,"column":38}},"11":{"start":{"line":25,"column":18},"end":{"line":25,"column":40}},"12":{"start":{"line":27,"column":42},"end":{"line":27,"column":76}},"13":{"start":{"line":28,"column":2},"end":{"line":30,"column":3}},"14":{"start":{"line":29,"column":4},"end":{"line":29,"column":67}},"15":{"start":{"line":32,"column":17},"end":{"line":35,"column":3}},"16":{"start":{"line":33,"column":18},"end":{"line":33,"column":48}},"17":{"start":{"line":37,"column":2},"end":{"line":37,"column":16}},"18":{"start":{"line":40,"column":0},"end":{"line":40,"column":25}}},"fnMap":{"0":{"name":"(anonymous_0)","decl":{"start":{"line":7,"column":12},"end":{"line":7,"column":13}},"loc":{"start":{"line":7,"column":25},"end":{"line":38,"column":1}},"line":7},"1":{"name":"(anonymous_1)","decl":{"start":{"line":24,"column":13},"end":{"line":24,"column":14}},"loc":{"start":{"line":24,"column":22},"end":{"line":24,"column":38}},"line":24},"2":{"name":"(anonymous_2)","decl":{"start":{"line":25,"column":9},"end":{"line":25,"column":10}},"loc":{"start":{"line":25,"column":18},"end":{"line":25,"column":40}},"line":25},"3":{"name":"(anonymous_3)","decl":{"start":{"line":33,"column":4},"end":{"line":33,"column":5}},"loc":{"start":{"line":33,"column":18},"end":{"line":33,"column":48}},"line":33}},"branchMap":{"0":{"loc":{"start":{"line":8,"column":2},"end":{"line":10,"column":3}},"type":"if","locations":[{"start":{"line":8,"column":2},"end":{"line":10,"column":3}},{"start":{},"end":{}}],"line":8},"1":{"loc":{"start":{"line":16,"column":2},"end":{"line":18,"column":3}},"type":"if","locations":[{"start":{"line":16,"column":2},"end":{"line":18,"column":3}},{"start":{},"end":{}}],"line":16},"2":{"loc":{"start":{"line":25,"column":18},"end":{"line":25,"column":40}},"type":"binary-expr","locations":[{"start":{"line":25,"column":18},"end":{"line":25,"column":35}},{"start":{"line":25,"column":39},"end":{"line":25,"column":40}}],"line":25},"3":{"loc":{"start":{"line":28,"column":2},"end":{"line":30,"column":3}},"type":"if","locations":[{"start":{"line":28,"column":2},"end":{"line":30,"column":3}},{"start":{},"end":{}}],"line":28},"4":{"loc":{"start":{"line":33,"column":25},"end":{"line":33,"column":47}},"type":"binary-expr","locations":[{"start":{"line":33,"column":25},"end":{"line":33,"column":42}},{"start":{"line":33,"column":46},"end":{"line":33,"column":47}}],"line":33}},"s":{"0":1,"1":1,"2":1,"3":9,"4":1,"5":8,"6":8,"7":1,"8":7,"9":7,"10":34,"11":34,"12":7,"13":7,"14":2,"15":5,"16":24,"17":5,"18":1},"f":{"0":9,"1":34,"2":34,"3":24},"b":{"0":[1,8],"1":[1,7],"2":[34,1],"3":[2,5],"4":[24,1]},"_coverageSchema":"1a1c01bbd47fc00a2c39e90264f33305004495a9","hash":"279a6a09b78832c17fb9eef315f0e8782bfabea3"}
,"D:\\DeveloperSpace\\string-calculator\\string-calculator\\src\\pages\\StringCalcPage.js": {"path":"D:\\DeveloperSpace\\string-calculator\\string-calculator\\src\\pages\\StringCalcPage.js","statementMap":{"0":{"start":{"line":5,"column":30},"end":{"line":5,"column":42}},"1":{"start":{"line":6,"column":32},"end":{"line":6,"column":46}},"2":{"start":{"line":7,"column":30},"end":{"line":7,"column":44}},"3":{"start":{"line":9,"column":30},"end":{"line":11,"column":5}},"4":{"start":{"line":10,"column":8},"end":{"line":10,"column":33}},"5":{"start":{"line":13,"column":30},"end":{"line":22,"column":5}},"6":{"start":{"line":14,"column":8},"end":{"line":21,"column":9}},"7":{"start":{"line":15,"column":24},"end":{"line":15,"column":34}},"8":{"start":{"line":16,"column":12},"end":{"line":16,"column":27}},"9":{"start":{"line":17,"column":12},"end":{"line":17,"column":27}},"10":{"start":{"line":19,"column":12},"end":{"line":19,"column":34}},"11":{"start":{"line":20,"column":12},"end":{"line":20,"column":28}},"12":{"start":{"line":24,"column":4},"end":{"line":40,"column":6}}},"fnMap":{"0":{"name":"StringCalcPage","decl":{"start":{"line":4,"column":9},"end":{"line":4,"column":23}},"loc":{"start":{"line":4,"column":26},"end":{"line":41,"column":1}},"line":4},"1":{"name":"(anonymous_1)","decl":{"start":{"line":9,"column":30},"end":{"line":9,"column":31}},"loc":{"start":{"line":9,"column":37},"end":{"line":11,"column":5}},"line":9},"2":{"name":"(anonymous_2)","decl":{"start":{"line":13,"column":30},"end":{"line":13,"column":31}},"loc":{"start":{"line":13,"column":36},"end":{"line":22,"column":5}},"line":13}},"branchMap":{"0":{"loc":{"start":{"line":37,"column":13},"end":{"line":37,"column":106}},"type":"binary-expr","locations":[{"start":{"line":37,"column":13},"end":{"line":37,"column":28}},{"start":{"line":37,"column":32},"end":{"line":37,"column":106}}],"line":37},"1":{"loc":{"start":{"line":38,"column":13},"end":{"line":38,"column":108}},"type":"binary-expr","locations":[{"start":{"line":38,"column":13},"end":{"line":38,"column":18}},{"start":{"line":38,"column":22},"end":{"line":38,"column":108}}],"line":38}},"s":{"0":13,"1":13,"2":13,"3":13,"4":5,"5":13,"6":4,"7":4,"8":2,"9":2,"10":2,"11":2,"12":13},"f":{"0":13,"1":5,"2":4},"b":{"0":[13,2],"1":[13,3]},"_coverageSchema":"1a1c01bbd47fc00a2c39e90264f33305004495a9","hash":"e32c9023d3ed7099153abce0a9eb8883d097f70d"}
,"D:\\DeveloperSpace\\string-calculator\\string-calculator\\src\\utils\\errorMessages.js": {"path":"D:\\DeveloperSpace\\string-calculator\\string-calculator\\src\\utils\\errorMessages.js","statementMap":{"0":{"start":{"line":1,"column":0},"end":{"line":4,"column":1}}},"fnMap":{},"branchMap":{},"s":{"0":1},"f":{},"b":{},"_coverageSchema":"1a1c01bbd47fc00a2c39e90264f33305004495a9","hash":"253b3ad4050da40ce1e8e2287f6831cdd92026c6"}
,"D:\\DeveloperSpace\\string-calculator\\string-calculator\\src\\utils\\helpers.js": {"path":"D:\\DeveloperSpace\\string-calculator\\string-calculator\\src\\utils\\helpers.js","statementMap":{"0":{"start":{"line":1,"column":35},"end":{"line":12,"column":1}},"1":{"start":{"line":2,"column":18},"end":{"line":2,"column":25}},"2":{"start":{"line":3,"column":21},"end":{"line":3,"column":28}},"3":{"start":{"line":6,"column":31},"end":{"line":6,"column":59}},"4":{"start":{"line":7,"column":2},"end":{"line":10,"column":3}},"5":{"start":{"line":8,"column":4},"end":{"line":8,"column":59}},"6":{"start":{"line":9,"column":4},"end":{"line":9,"column":65}},"7":{"start":{"line":11,"column":2},"end":{"line":11,"column":37}},"8":{"start":{"line":14,"column":29},"end":{"line":20,"column":1}},"9":{"start":{"line":15,"column":26},"end":{"line":15,"column":63}},"10":{"start":{"line":15,"column":55},"end":{"line":15,"column":62}},"11":{"start":{"line":16,"column":2},"end":{"line":18,"column":3}},"12":{"start":{"line":17,"column":4},"end":{"line":17,"column":49}},"13":{"start":{"line":19,"column":2},"end":{"line":19,"column":31}},"14":{"start":{"line":22,"column":0},"end":{"line":22,"column":70}}},"fnMap":{"0":{"name":"(anonymous_0)","decl":{"start":{"line":1,"column":35},"end":{"line":1,"column":36}},"loc":{"start":{"line":1,"column":48},"end":{"line":12,"column":1}},"line":1},"1":{"name":"(anonymous_1)","decl":{"start":{"line":14,"column":29},"end":{"line":14,"column":30}},"loc":{"start":{"line":14,"column":47},"end":{"line":20,"column":1}},"line":14},"2":{"name":"(anonymous_2)","decl":{"start":{"line":15,"column":46},"end":{"line":15,"column":47}},"loc":{"start":{"line":15,"column":55},"end":{"line":15,"column":62}},"line":15}},"branchMap":{"0":{"loc":{"start":{"line":7,"column":2},"end":{"line":10,"column":3}},"type":"if","locations":[{"start":{"line":7,"column":2},"end":{"line":10,"column":3}},{"start":{},"end":{}}],"line":7},"1":{"loc":{"start":{"line":16,"column":2},"end":{"line":18,"column":3}},"type":"if","locations":[{"start":{"line":16,"column":2},"end":{"line":18,"column":3}},{"start":{},"end":{}}],"line":16}},"s":{"0":1,"1":8,"2":8,"3":8,"4":8,"5":2,"6":2,"7":8,"8":1,"9":7,"10":34,"11":7,"12":2,"13":5,"14":1},"f":{"0":8,"1":7,"2":34},"b":{"0":[2,6],"1":[2,5]},"_coverageSchema":"1a1c01bbd47fc00a2c39e90264f33305004495a9","hash":"54586a94c4befc0aff75385cc0b9227e5297733e"}
}
